<?xml version="1.0" encoding="UTF-8"?>
<!-- Generated by org.testng.reporters.JUnitXMLReporter -->
<testsuite ignored="1" hostname="Pramod" failures="0" tests="2" name="Test1" time="95.045" errors="0" timestamp="2025-06-28T08:45:31 IST">
  <testcase classname="mainPackage.Baseclass" name="regression" time="3.846"/>
  <testcase classname="mainPackage.DOR" name="regression" time="43.308"/>
  <testcase classname="mainPackage.Baseclass" name="accessibility" time="0.0">
    <ignored/>
  </testcase> <!-- accessibility -->
</testsuite> <!-- Test1 -->
