<?xml version="1.0" encoding="UTF-8"?>
<!-- Generated by org.testng.reporters.JUnitXMLReporter -->
<testsuite ignored="1" hostname="Pramod" failures="0" tests="2" name="Test1" time="68.182" errors="0" timestamp="2025-06-27T08:35:14 IST">
  <testcase classname="mainPackage.Baseclass" name="regression" time="1.277"/>
  <testcase classname="mainPackage.DOR" name="regression" time="59.001"/>
  <testcase classname="mainPackage.Baseclass" name="accessibility" time="0.0">
    <ignored/>
  </testcase> <!-- accessibility -->
</testsuite> <!-- Test1 -->
