<?xml version="1.0" encoding="UTF-8"?>
<testng-results ignored="1" total="3" passed="2" failed="0" skipped="0">
  <reporter-output>
  </reporter-output>
  <suite started-at="2025-06-27T08:34:05 IST" name="Suite" finished-at="2025-06-27T08:35:14 IST" duration-ms="68182">
    <groups>
    </groups>
    <test started-at="2025-06-27T08:34:05 IST" name="Test1" finished-at="2025-06-27T08:35:14 IST" duration-ms="68182">
      <class name="mainPackage.DOR">
        <test-method signature="regression()[pri:0, instance:mainPackage.DOR@3bbc39f8]" started-at="2025-06-27T08:34:15 IST" name="regression" finished-at="2025-06-27T08:35:14 IST" duration-ms="59001" status="PASS">
          <reporter-output>
          </reporter-output>
        </test-method> <!-- regression -->
        <test-method is-config="true" signature="browserclose()[pri:0, instance:mainPackage.DOR@3bbc39f8]" started-at="2025-06-27T08:35:14 IST" name="browserclose" finished-at="2025-06-27T08:35:14 IST" duration-ms="0" status="PASS">
          <reporter-output>
          </reporter-output>
        </test-method> <!-- browserclose -->
      </class> <!-- mainPackage.DOR -->
      <class name="mainPackage.Baseclass">
        <test-method is-config="true" signature="openBrowser()[pri:0, instance:mainPackage.Baseclass@75f9eccc]" started-at="2025-06-27T08:34:05 IST" name="openBrowser" finished-at="2025-06-27T08:34:13 IST" duration-ms="7835" status="PASS">
          <reporter-output>
          </reporter-output>
        </test-method> <!-- openBrowser -->
        <test-method signature="regression()[pri:0, instance:mainPackage.Baseclass@75f9eccc]" started-at="2025-06-27T08:34:13 IST" name="regression" finished-at="2025-06-27T08:34:15 IST" duration-ms="1277" status="PASS">
          <reporter-output>
          </reporter-output>
        </test-method> <!-- regression -->
        <test-method is-config="true" signature="browserclose()[pri:0, instance:mainPackage.Baseclass@75f9eccc]" started-at="2025-06-27T08:35:14 IST" name="browserclose" finished-at="2025-06-27T08:35:14 IST" duration-ms="1" status="PASS">
          <reporter-output>
          </reporter-output>
        </test-method> <!-- browserclose -->
      </class> <!-- mainPackage.Baseclass -->
    </test> <!-- Test1 -->
  </suite> <!-- Suite -->
</testng-results>
