<?xml version="1.0" encoding="UTF-8"?>
<testng-results ignored="1" total="3" passed="2" failed="0" skipped="0">
  <reporter-output>
  </reporter-output>
  <suite started-at="2025-06-28T08:43:56 IST" name="Suite" finished-at="2025-06-28T08:45:31 IST" duration-ms="95045">
    <groups>
    </groups>
    <test started-at="2025-06-28T08:43:56 IST" name="Test1" finished-at="2025-06-28T08:45:31 IST" duration-ms="95045">
      <class name="mainPackage.DOR">
        <test-method signature="regression()[pri:0, instance:mainPackage.DOR@61322f9d]" started-at="2025-06-28T08:44:48 IST" name="regression" finished-at="2025-06-28T08:45:31 IST" duration-ms="43308" status="PASS">
          <reporter-output>
          </reporter-output>
        </test-method> <!-- regression -->
        <test-method is-config="true" signature="browserclose()[pri:0, instance:mainPackage.DOR@61322f9d]" started-at="2025-06-28T08:45:31 IST" name="browserclose" finished-at="2025-06-28T08:45:31 IST" duration-ms="0" status="PASS">
          <reporter-output>
          </reporter-output>
        </test-method> <!-- browserclose -->
      </class> <!-- mainPackage.DOR -->
      <class name="mainPackage.Baseclass">
        <test-method is-config="true" signature="openBrowser()[pri:0, instance:mainPackage.Baseclass@b3ca52e]" started-at="2025-06-28T08:43:56 IST" name="openBrowser" finished-at="2025-06-28T08:44:44 IST" duration-ms="47779" status="PASS">
          <reporter-output>
          </reporter-output>
        </test-method> <!-- openBrowser -->
        <test-method signature="regression()[pri:0, instance:mainPackage.Baseclass@b3ca52e]" started-at="2025-06-28T08:44:44 IST" name="regression" finished-at="2025-06-28T08:44:48 IST" duration-ms="3846" status="PASS">
          <reporter-output>
          </reporter-output>
        </test-method> <!-- regression -->
        <test-method is-config="true" signature="browserclose()[pri:0, instance:mainPackage.Baseclass@b3ca52e]" started-at="2025-06-28T08:45:31 IST" name="browserclose" finished-at="2025-06-28T08:45:31 IST" duration-ms="1" status="PASS">
          <reporter-output>
          </reporter-output>
        </test-method> <!-- browserclose -->
      </class> <!-- mainPackage.Baseclass -->
    </test> <!-- Test1 -->
  </suite> <!-- Suite -->
</testng-results>
